\BOOKMARK [1][-]{section.1}{Declaration}{}% 1
\BOOKMARK [1][-]{section.2}{Introduction}{}% 2
\BOOKMARK [1][-]{section.3}{Requirements}{}% 3
\BOOKMARK [2][-]{subsection.3.1}{Network requirements}{section.3}% 4
\BOOKMARK [3][-]{subsubsection.3.1.1}{Reliability}{subsection.3.1}% 5
\BOOKMARK [3][-]{subsubsection.3.1.2}{Interactivity}{subsection.3.1}% 6
\BOOKMARK [3][-]{subsubsection.3.1.3}{Security}{subsection.3.1}% 7
\BOOKMARK [3][-]{subsubsection.3.1.4}{Adaptability}{subsection.3.1}% 8
\BOOKMARK [2][-]{subsection.3.2}{Application requirements}{section.3}% 9
\BOOKMARK [3][-]{subsubsection.3.2.1}{Student Management application systems}{subsection.3.2}% 10
\BOOKMARK [3][-]{subsubsection.3.2.2}{Administration Management application systems}{subsection.3.2}% 11
\BOOKMARK [3][-]{subsubsection.3.2.3}{Application running on students and laboratories systems}{subsection.3.2}% 12
\BOOKMARK [1][-]{section.4}{Network design}{}% 13
\BOOKMARK [2][-]{subsection.4.1}{High level design overview}{section.4}% 14
\BOOKMARK [2][-]{subsection.4.2}{Internet access}{section.4}% 15
\BOOKMARK [2][-]{subsection.4.3}{Network optimization}{section.4}% 16
\BOOKMARK [2][-]{subsection.4.4}{Security}{section.4}% 17
\BOOKMARK [2][-]{subsection.4.5}{IP addressing}{section.4}% 18
\BOOKMARK [2][-]{subsection.4.6}{OSI model}{section.4}% 19
\BOOKMARK [1][-]{section.5}{Implementation}{}% 20
\BOOKMARK [2][-]{subsection.5.1}{Network implementation using Cisco Packet Tracer}{section.5}% 21
\BOOKMARK [2][-]{subsection.5.2}{VLAN configuration}{section.5}% 22
\BOOKMARK [2][-]{subsection.5.3}{VLAN INTERFACES CONFIGURATION}{section.5}% 23
\BOOKMARK [2][-]{subsection.5.4}{DHCP CONFIGURATION}{section.5}% 24
\BOOKMARK [2][-]{subsection.5.5}{HSRP CONFIGURATION}{section.5}% 25
\BOOKMARK [2][-]{subsection.5.6}{Trunking}{section.5}% 26
\BOOKMARK [2][-]{subsection.5.7}{HSRP - Synchronization of primary routers with the bridge}{section.5}% 27
\BOOKMARK [2][-]{subsection.5.8}{Spanning-Tree configuration}{section.5}% 28
\BOOKMARK [2][-]{subsection.5.9}{Access layer port configuration}{section.5}% 29
\BOOKMARK [2][-]{subsection.5.10}{Switch port security}{section.5}% 30
\BOOKMARK [2][-]{subsection.5.11}{EIGRP}{section.5}% 31
\BOOKMARK [2][-]{subsection.5.12}{Router configuration}{section.5}% 32
\BOOKMARK [2][-]{subsection.5.13}{Authorization}{section.5}% 33
\BOOKMARK [1][-]{section.6}{Results and Discussion}{}% 34
\BOOKMARK [1][-]{section.7}{Conclusion}{}% 35
\BOOKMARK [1][-]{section.8}{Bibliography}{}% 36
